[debug] [2026-05-27T16:48:30.654Z] ----------------------------------------------------------------------
[debug] [2026-05-27T16:48:30.657Z] Command:       C:\Eric\Programção\Node\node.exe C:\Users\ericj\AppData\Roaming\npm\node_modules\firebase-tools\lib\bin\firebase.js init
[debug] [2026-05-27T16:48:30.657Z] CLI Version:   15.18.0
[debug] [2026-05-27T16:48:30.657Z] Platform:      win32
[debug] [2026-05-27T16:48:30.657Z] Node Version:  v24.14.0
[debug] [2026-05-27T16:48:30.657Z] Time:          Wed May 27 2026 13:48:30 GMT-0300 (Horário Padrão de Brasília)
[debug] [2026-05-27T16:48:30.657Z] ----------------------------------------------------------------------
[debug] 
[info] 
     ######## #### ########  ######## ########     ###     ######  ########
     ##        ##  ##     ## ##       ##     ##  ##   ##  ##       ##
     ######    ##  ########  ######   ########  #########  ######  ######
     ##        ##  ##    ##  ##       ##     ## ##     ##       ## ##
     ##       #### ##     ## ######## ########  ##     ##  ######  ########

You're about to initialize a Firebase project in this directory:

  C:\Eric\Programção\SIte-para-Date

Before we get started, keep in mind:

  * You are currently outside your home directory

[info] 
=== Project Setup
[info] 
[info] First, let's associate this project directory with a Firebase project.
[info] You can create multiple project aliases by running firebase use --add, 
[info] 
[debug] [2026-05-27T16:59:19.595Z] > command requires scopes: ["email","openid","https://www.googleapis.com/auth/cloudplatformprojects.readonly","https://www.googleapis.com/auth/firebase","https://www.googleapis.com/auth/cloud-platform"]
[debug] [2026-05-27T16:59:19.595Z] > authorizing via signed-in user (ericjuandm@gmail.com)
[debug] [2026-05-27T16:59:19.598Z] Checked if tokens are valid: true, expires at: 1779904096134
[debug] [2026-05-27T16:59:19.598Z] Checked if tokens are valid: true, expires at: 1779904096134
[debug] [2026-05-27T16:59:19.600Z] >>> [apiv2][query] GET https://firebase.googleapis.com/v1beta1/projects pageSize=100
[debug] [2026-05-27T16:59:20.326Z] <<< [apiv2][status] GET https://firebase.googleapis.com/v1beta1/projects 200
[debug] [2026-05-27T16:59:20.327Z] <<< [apiv2][body] GET https://firebase.googleapis.com/v1beta1/projects [omitted]
[info] 
=== Dataconnect Setup
[info] i  dataconnect: ensuring required API firebasedataconnect.googleapis.com is enabled... 
[debug] [2026-05-27T16:59:25.090Z] Checked if tokens are valid: true, expires at: 1779904096134
[debug] [2026-05-27T16:59:25.090Z] Checked if tokens are valid: true, expires at: 1779904096134
[info] i  dataconnect: ensuring required API sqladmin.googleapis.com is enabled... 
[debug] [2026-05-27T16:59:25.091Z] Checked if tokens are valid: true, expires at: 1779904096134
[debug] [2026-05-27T16:59:25.091Z] Checked if tokens are valid: true, expires at: 1779904096134
[debug] [2026-05-27T16:59:25.091Z] >>> [apiv2][query] GET https://serviceusage.googleapis.com/v1/projects/date-perfeito-5925e/services/firebasedataconnect.googleapis.com [none]
[debug] [2026-05-27T16:59:25.091Z] >>> [apiv2][(partial)header] GET https://serviceusage.googleapis.com/v1/projects/date-perfeito-5925e/services/firebasedataconnect.googleapis.com  x-goog-user-project=date-perfeito-5925e
[debug] [2026-05-27T16:59:25.092Z] >>> [apiv2][query] GET https://serviceusage.googleapis.com/v1/projects/date-perfeito-5925e/services/sqladmin.googleapis.com [none]
[debug] [2026-05-27T16:59:25.093Z] >>> [apiv2][(partial)header] GET https://serviceusage.googleapis.com/v1/projects/date-perfeito-5925e/services/sqladmin.googleapis.com  x-goog-user-project=date-perfeito-5925e
[debug] [2026-05-27T16:59:26.168Z] <<< [apiv2][status] GET https://serviceusage.googleapis.com/v1/projects/date-perfeito-5925e/services/sqladmin.googleapis.com 200
[debug] [2026-05-27T16:59:26.169Z] <<< [apiv2][body] GET https://serviceusage.googleapis.com/v1/projects/date-perfeito-5925e/services/sqladmin.googleapis.com [omitted]
[warn] !  dataconnect: missing required API sqladmin.googleapis.com. Enabling now... 
[debug] [2026-05-27T16:59:26.169Z] Checked if tokens are valid: true, expires at: 1779904096134
[debug] [2026-05-27T16:59:26.169Z] Checked if tokens are valid: true, expires at: 1779904096134
[debug] [2026-05-27T16:59:26.169Z] >>> [apiv2][query] POST https://serviceusage.googleapis.com/v1/projects/date-perfeito-5925e/services/sqladmin.googleapis.com:enable [none]
[debug] [2026-05-27T16:59:26.169Z] >>> [apiv2][(partial)header] POST https://serviceusage.googleapis.com/v1/projects/date-perfeito-5925e/services/sqladmin.googleapis.com:enable  x-goog-user-project=date-perfeito-5925e
[debug] [2026-05-27T16:59:26.175Z] <<< [apiv2][status] GET https://serviceusage.googleapis.com/v1/projects/date-perfeito-5925e/services/firebasedataconnect.googleapis.com 200
[debug] [2026-05-27T16:59:26.175Z] <<< [apiv2][body] GET https://serviceusage.googleapis.com/v1/projects/date-perfeito-5925e/services/firebasedataconnect.googleapis.com [omitted]
[warn] !  dataconnect: missing required API firebasedataconnect.googleapis.com. Enabling now... 
[debug] [2026-05-27T16:59:26.176Z] Checked if tokens are valid: true, expires at: 1779904096134
[debug] [2026-05-27T16:59:26.176Z] Checked if tokens are valid: true, expires at: 1779904096134
[debug] [2026-05-27T16:59:26.177Z] >>> [apiv2][query] POST https://serviceusage.googleapis.com/v1/projects/date-perfeito-5925e/services/firebasedataconnect.googleapis.com:enable [none]
[debug] [2026-05-27T16:59:26.177Z] >>> [apiv2][(partial)header] POST https://serviceusage.googleapis.com/v1/projects/date-perfeito-5925e/services/firebasedataconnect.googleapis.com:enable  x-goog-user-project=date-perfeito-5925e
[debug] [2026-05-27T16:59:26.988Z] <<< [apiv2][status] POST https://serviceusage.googleapis.com/v1/projects/date-perfeito-5925e/services/sqladmin.googleapis.com:enable 200
[debug] [2026-05-27T16:59:26.988Z] <<< [apiv2][body] POST https://serviceusage.googleapis.com/v1/projects/date-perfeito-5925e/services/sqladmin.googleapis.com:enable [omitted]
[debug] [2026-05-27T16:59:27.469Z] <<< [apiv2][status] POST https://serviceusage.googleapis.com/v1/projects/date-perfeito-5925e/services/firebasedataconnect.googleapis.com:enable 200
[debug] [2026-05-27T16:59:27.469Z] <<< [apiv2][body] POST https://serviceusage.googleapis.com/v1/projects/date-perfeito-5925e/services/firebasedataconnect.googleapis.com:enable [omitted]
[debug] [2026-05-27T16:59:37.491Z] Checked if tokens are valid: true, expires at: 1779904096134
[debug] [2026-05-27T16:59:37.491Z] Checked if tokens are valid: true, expires at: 1779904096134
[debug] [2026-05-27T16:59:37.491Z] >>> [apiv2][query] GET https://firebasedataconnect.googleapis.com/v1/projects/date-perfeito-5925e/locations/-/services [none]
[debug] [2026-05-27T16:59:38.824Z] <<< [apiv2][status] GET https://firebasedataconnect.googleapis.com/v1/projects/date-perfeito-5925e/locations/-/services 200
[debug] [2026-05-27T16:59:38.824Z] <<< [apiv2][body] GET https://firebasedataconnect.googleapis.com/v1/projects/date-perfeito-5925e/locations/-/services {}
[info] i  : ensuring required API cloudaicompanion.googleapis.com is enabled... 
[debug] [2026-05-27T16:59:43.186Z] Checked if tokens are valid: true, expires at: 1779904096134
[debug] [2026-05-27T16:59:43.186Z] Checked if tokens are valid: true, expires at: 1779904096134
[debug] [2026-05-27T16:59:43.187Z] >>> [apiv2][query] GET https://serviceusage.googleapis.com/v1/projects/date-perfeito-5925e/services/cloudaicompanion.googleapis.com [none]
[debug] [2026-05-27T16:59:43.187Z] >>> [apiv2][(partial)header] GET https://serviceusage.googleapis.com/v1/projects/date-perfeito-5925e/services/cloudaicompanion.googleapis.com  x-goog-user-project=date-perfeito-5925e
[debug] [2026-05-27T16:59:44.221Z] <<< [apiv2][status] GET https://serviceusage.googleapis.com/v1/projects/date-perfeito-5925e/services/cloudaicompanion.googleapis.com 200
[debug] [2026-05-27T16:59:44.221Z] <<< [apiv2][body] GET https://serviceusage.googleapis.com/v1/projects/date-perfeito-5925e/services/cloudaicompanion.googleapis.com [omitted]
[info] +  : required API cloudaicompanion.googleapis.com is enabled 
[debug] [2026-05-27T16:59:56.259Z] ExitPromptError: User force closed the prompt with SIGINT
    at Interface.sigint (C:\Users\ericj\AppData\Roaming\npm\node_modules\firebase-tools\node_modules\@inquirer\core\dist\commonjs\lib\create-prompt.js:101:37)
    at Interface.emit (node:events:508:28)
    at [_ttyWrite] [as _ttyWrite] (node:internal/readline/interface:1327:18)
    at ReadStream.onkeypress (node:internal/readline/interface:284:20)
    at ReadStream.emit (node:events:520:35)
    at emitKeys (node:internal/readline/utils:371:14)
    at emitKeys.next (<anonymous>)
    at ReadStream.onData (node:internal/readline/emitKeypressEvents:64:36)
    at ReadStream.emit (node:events:508:28)
    at addChunk (node:internal/streams/readable:563:12)
[error] 
[error] Error: An unexpected error has occurred.
[debug] [2026-05-27T17:17:43.412Z] ----------------------------------------------------------------------
[debug] [2026-05-27T17:17:43.416Z] Command:       C:\Eric\Programção\Node\node.exe C:\Users\ericj\AppData\Roaming\npm\node_modules\firebase-tools\lib\bin\firebase.js init
[debug] [2026-05-27T17:17:43.416Z] CLI Version:   15.18.0
[debug] [2026-05-27T17:17:43.417Z] Platform:      win32
[debug] [2026-05-27T17:17:43.417Z] Node Version:  v24.14.0
[debug] [2026-05-27T17:17:43.417Z] Time:          Wed May 27 2026 14:17:43 GMT-0300 (Horário Padrão de Brasília)
[debug] [2026-05-27T17:17:43.417Z] ----------------------------------------------------------------------
[debug] 
[info] 
     ######## #### ########  ######## ########     ###     ######  ########
     ##        ##  ##     ## ##       ##     ##  ##   ##  ##       ##
     ######    ##  ########  ######   ########  #########  ######  ######
     ##        ##  ##    ##  ##       ##     ## ##     ##       ## ##
     ##       #### ##     ## ######## ########  ##     ##  ######  ########

You're about to initialize a Firebase project in this directory:

  C:\Eric\Programção\SIte-para-Date

Before we get started, keep in mind:

  * You are currently outside your home directory

[info] 
=== Project Setup
[info] 
[info] First, let's associate this project directory with a Firebase project.
[info] You can create multiple project aliases by running firebase use --add, 
[info] 
[debug] [2026-05-27T17:24:01.772Z] > command requires scopes: ["email","openid","https://www.googleapis.com/auth/cloudplatformprojects.readonly","https://www.googleapis.com/auth/firebase","https://www.googleapis.com/auth/cloud-platform"]
[debug] [2026-05-27T17:24:01.772Z] > authorizing via signed-in user (ericjuandm@gmail.com)
[debug] [2026-05-27T17:24:01.774Z] Checked if tokens are valid: true, expires at: 1779904096134
[debug] [2026-05-27T17:24:01.775Z] Checked if tokens are valid: true, expires at: 1779904096134
[debug] [2026-05-27T17:24:01.778Z] >>> [apiv2][query] GET https://firebase.googleapis.com/v1beta1/projects/date-perfeito-5925e [none]
[debug] [2026-05-27T17:24:02.263Z] <<< [apiv2][status] GET https://firebase.googleapis.com/v1beta1/projects/date-perfeito-5925e 200
[debug] [2026-05-27T17:24:02.263Z] <<< [apiv2][body] GET https://firebase.googleapis.com/v1beta1/projects/date-perfeito-5925e {"projectId":"date-perfeito-5925e","projectNumber":"958617736891","displayName":"Date Perfeito","name":"projects/date-perfeito-5925e","resources":{"hostingSite":"date-perfeito-5925e"},"state":"ACTIVE","etag":"1_d9638fa0-212e-4a63-8fa8-7043316283db"}
[info] i  Using project date-perfeito-5925e (Date Perfeito) . 
[info] 
=== Hosting Setup
[debug] [2026-05-27T17:24:13.124Z] Checked if tokens are valid: true, expires at: 1779904096134
[debug] [2026-05-27T17:24:13.124Z] Checked if tokens are valid: true, expires at: 1779904096134
[debug] [2026-05-27T17:24:13.125Z] >>> [apiv2][query] GET https://firebase.googleapis.com/v1beta1/projects/date-perfeito-5925e [none]
[debug] [2026-05-27T17:24:13.560Z] <<< [apiv2][status] GET https://firebase.googleapis.com/v1beta1/projects/date-perfeito-5925e 200
[debug] [2026-05-27T17:24:13.561Z] <<< [apiv2][body] GET https://firebase.googleapis.com/v1beta1/projects/date-perfeito-5925e {"projectId":"date-perfeito-5925e","projectNumber":"958617736891","displayName":"Date Perfeito","name":"projects/date-perfeito-5925e","resources":{"hostingSite":"date-perfeito-5925e"},"state":"ACTIVE","etag":"1_d9638fa0-212e-4a63-8fa8-7043316283db"}
[info] 
[info] Your public directory is the folder (relative to your project directory) that
[info] will contain Hosting assets to be uploaded with firebase deploy. If you
[info] have a build process for your assets, use your build's output directory.
[info] 
[info] 
[info] i  Detected a .git folder at C:\Eric\Programção\SIte-para-Date 
[info] i  Authorizing with GitHub to upload your service account to a GitHub repository's secrets store. 
[info] 
[info] Visit this URL on this device to log in:
[info] https://github.com/login/oauth/authorize?client_id=89cf50f02ac6aaed3484&state=370766208&redirect_uri=http%3A%2F%2Flocalhost%3A9005&scope=read%3Auser%20repo%20public_repo
[info] 
[info] Waiting for authentication...
[debug] [2026-05-27T17:27:45.125Z] >>> [apiv2][query] POST https://github.com/login/oauth/access_token [none]
[debug] [2026-05-27T17:27:45.125Z] >>> [apiv2][body] POST https://github.com/login/oauth/access_token [stream]
[debug] [2026-05-27T17:27:45.462Z] <<< [apiv2][status] POST https://github.com/login/oauth/access_token 200
[debug] [2026-05-27T17:27:45.462Z] <<< [apiv2][body] POST https://github.com/login/oauth/access_token {"access_token":"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","token_type":"bearer","scope":"read:user,repo"}
[debug] [2026-05-27T17:27:45.468Z] >>> [apiv2][query] GET https://api.github.com/user [none]
[debug] [2026-05-27T17:27:45.786Z] <<< [apiv2][status] GET https://api.github.com/user 200
[debug] [2026-05-27T17:27:45.786Z] <<< [apiv2][body] GET https://api.github.com/user {"login":"EricJuanDM","id":201182785,"node_id":"U_kgDOC_3OQQ","avatar_url":"https://avatars.githubusercontent.com/u/201182785?v=4","gravatar_id":"","url":"https://api.github.com/users/EricJuanDM","html_url":"https://github.com/EricJuanDM","followers_url":"https://api.github.com/users/EricJuanDM/followers","following_url":"https://api.github.com/users/EricJuanDM/following{/other_user}","gists_url":"https://api.github.com/users/EricJuanDM/gists{/gist_id}","starred_url":"https://api.github.com/users/EricJuanDM/starred{/owner}{/repo}","subscriptions_url":"https://api.github.com/users/EricJuanDM/subscriptions","organizations_url":"https://api.github.com/users/EricJuanDM/orgs","repos_url":"https://api.github.com/users/EricJuanDM/repos","events_url":"https://api.github.com/users/EricJuanDM/events{/privacy}","received_events_url":"https://api.github.com/users/EricJuanDM/received_events","type":"User","user_view_type":"private","site_admin":false,"name":"EricJuanDM","company":null,"blog":"","location":null,"email":"ericjuandm@gmail.com","hireable":null,"bio":null,"twitter_username":null,"notification_email":"ericjuandm@gmail.com","public_repos":21,"public_gists":0,"followers":2,"following":2,"created_at":"2025-02-28T01:11:53Z","updated_at":"2026-03-12T22:36:42Z","private_gists":0,"total_private_repos":2,"owned_private_repos":2,"disk_usage":3293,"collaborators":0,"two_factor_authentication":false,"plan":{"name":"free","space":976562499,"collaborators":0,"private_repos":10000}}
[info] 
[info] +  Success! Logged into GitHub as EricJuanDM 
[info] 
